KeepHealth_1.0/proguard/seeds.txt
com.ytdinfo.keephealth.R$anim
com.ytdinfo.keephealth.R$anim: int activity_slide_left_in
com.ytdinfo.keephealth.R$anim: int activity_slide_left_out
com.ytdinfo.keephealth.R$anim: int activity_slide_right_in
com.ytdinfo.keephealth.R$anim: int activity_slide_right_out
com.ytdinfo.keephealth.R$anim: int activity_translate_in
com.ytdinfo.keephealth.R$anim: int activity_translate_out
com.ytdinfo.keephealth.R$anim: int anim_pop_from_left
com.ytdinfo.keephealth.R$anim: int anim_pop_from_right
com.ytdinfo.keephealth.R$anim: int anim_push_from_left
com.ytdinfo.keephealth.R$anim: int anim_push_from_right
com.ytdinfo.keephealth.R$anim: int ccp_faded_in
com.ytdinfo.keephealth.R$anim: int ccp_faded_out
com.ytdinfo.keephealth.R$anim: int ccp_push_up_in
com.ytdinfo.keephealth.R$anim: int ccp_switch_down_out
com.ytdinfo.keephealth.R$anim: int fade_in
com.ytdinfo.keephealth.R$anim: int next_check
com.ytdinfo.keephealth.R$anim: int popup_enter
com.ytdinfo.keephealth.R$anim: int popup_exit
com.ytdinfo.keephealth.R$anim: int push_bottom_in
com.ytdinfo.keephealth.R$anim: int push_down_in
com.ytdinfo.keephealth.R$anim: int push_down_out
com.ytdinfo.keephealth.R$anim: int push_empty_out
com.ytdinfo.keephealth.R$anim: int push_up_in
com.ytdinfo.keephealth.R$anim: int slide_in_from_bottom
com.ytdinfo.keephealth.R$anim: int slide_out_to_bottom
com.ytdinfo.keephealth.R$anim: int spinner
com.ytdinfo.keephealth.R$anim: int switch_down_out
com.ytdinfo.keephealth.R$anim: int video_push_down_out
com.ytdinfo.keephealth.R$array
com.ytdinfo.keephealth.R$array: int babaiban_name
com.ytdinfo.keephealth.R$array: int babaiban_room
com.ytdinfo.keephealth.R$array: int babaiban_roomnub
com.ytdinfo.keephealth.R$array: int chat_menu
com.ytdinfo.keephealth.R$array: int chat_select_item
com.ytdinfo.keephealth.R$array: int chatroom_pull
com.ytdinfo.keephealth.R$array: int chatvideo_select_item
com.ytdinfo.keephealth.R$array: int config_newImMessageVibePattern
com.ytdinfo.keephealth.R$array: int emoji_code
com.ytdinfo.keephealth.R$array: int emoji_code_file
com.ytdinfo.keephealth.R$array: int group_info
com.ytdinfo.keephealth.R$array: int group_join_model
com.ytdinfo.keephealth.R$array: int jingan_name
com.ytdinfo.keephealth.R$array: int jingan_room
com.ytdinfo.keephealth.R$array: int jingan_roomnub
com.ytdinfo.keephealth.R$array: int jingan_roomnum
com.ytdinfo.keephealth.R$array: int member_memu_forbidden
com.ytdinfo.keephealth.R$array: int member_memu_forbidden_cancle
com.ytdinfo.keephealth.R$array: int setting_automanage
com.ytdinfo.keephealth.R$array: int setting_echocancelled
com.ytdinfo.keephealth.R$array: int setting_silencerestrain
com.ytdinfo.keephealth.R$array: int xuhui_name
com.ytdinfo.keephealth.R$array: int xuhui_room
com.ytdinfo.keephealth.R$array: int xuhui_roomnub
com.ytdinfo.keephealth.R$array: R$array()
...
android.support.v4.app.NotificationCompat$NotificationCompatImplIceCreamSandwich
android.support.v4.app.NotificationCompat$NotificationCompatImplIceCreamSandwich: NotificationCompat$NotificationCompatImplIceCreamSandwich()
android.support.v4.app.NotificationCompat$NotificationCompatImplIceCreamSandwich: android.app.Notification build(android.support.v4.app.NotificationCompat$Builder)
android.support.v4.app.NotificationCompat$NotificationCompatImplJellybean
android.support.v4.app.NotificationCompat$NotificationCompatImplJellybean: NotificationCompat$NotificationCompatImplJellybean()
android.support.v4.app.NotificationCompat$NotificationCompatImplJellybean: android.app.Notification build(android.support.v4.app.NotificationCompat$Builder)
android.support.v4.app.NotificationCompat$Style
android.support.v4.app.NotificationCompat$Style: android.support.v4.app.NotificationCompat$Builder mBuilder
android.support.v4.app.NotificationCompat$Style: java.lang.CharSequence mBigContentTitle
android.support.v4.app.NotificationCompat$Style: java.lang.CharSequence mSummaryText
android.support.v4.app.NotificationCompat$Style: boolean mSummaryTextSet
android.support.v4.app.NotificationCompat$Style: NotificationCompat$Style()
android.support.v4.app.NotificationCompat$Style: void setBuilder(android.support.v4.app.NotificationCompat$Builder)
android.support.v4.app.NotificationCompat$Style: android.app.Notification build()
android.support.v4.app.NotificationCompatHoneycomb
android.support.v4.app.NotificationCompatHoneycomb: NotificationCompatHoneycomb()
android.support.v4.app.NotificationCompatHoneycomb: android.app.Notification add(android.content.Context,android.app.Notification,java.lang.CharSequence,java.lang.CharSequence,java.lang.CharSequence,android.widget.RemoteViews,int,android.app.PendingIntent,android.app.PendingIntent,android.graphics.Bitmap)
android.support.v4.app.NotificationCompatIceCreamSandwich
android.support.v4.app.NotificationCompatIceCreamSandwich: NotificationCompatIceCreamSandwich()
android.support.v4.app.NotificationCompatIceCreamSandwich: android.app.Notification add(android.content.Context,android.app.Notification,java.lang.CharSequence,java.lang.CharSequence,java.lang.CharSequence,android.widget.RemoteViews,int,android.app.PendingIntent,android.app.PendingIntent,android.graphics.Bitmap,int,int,boolean)
android.support.v4.app.NotificationCompatJellybean
android.support.v4.app.NotificationCompatJellybean: android.app.Notification$Builder b
android.support.v4.app.NotificationCompatJellybean: NotificationCompatJellybean(android.content.Context,android.app.Notification,java.lang.CharSequence,java.lang.CharSequence,java.lang.CharSequence,android.widget.RemoteViews,int,android.app.PendingIntent,android.app.PendingIntent,android.graphics.Bitmap,int,int,boolean,boolean,int,java.lang.CharSequence)
android.support.v4.app.NotificationCompatJellybean: void addAction(int,java.lang.CharSequence,android.app.PendingIntent)
android.support.v4.app.NotificationCompatJellybean: void addBigTextStyle(java.lang.CharSequence,boolean,java.lang.CharSequence,java.lang.CharSequence)
android.support.v4.app.NotificationCompatJellybean: void addBigPictureStyle(java.lang.CharSequence,boolean,java.lang.CharSequence,android.graphics.Bitmap,android.graphics.Bitmap,boolean)
android.support.v4.app.NotificationCompatJellybean: void addInboxStyle(java.lang.CharSequence,boolean,java.lang.CharSequence,java.util.ArrayList)
android.support.v4.app.NotificationCompatJellybean: android.app.Notification build()
android.support.v4.app.ServiceCompat
android.support.v4.app.ServiceCompat: int START_STICKY
android.support.v4.app.ServiceCompat: ServiceCompat()