KeepHealth_1.0/proguard/mapping.txt
com.ytdinfo.keephealth.R -> com.ytdinfo.keephealth.R:
com.ytdinfo.keephealth.R$anim -> com.ytdinfo.keephealth.R$anim:
    int activity_slide_left_in -> activity_slide_left_in
    int activity_slide_left_out -> activity_slide_left_out
    int activity_slide_right_in -> activity_slide_right_in
    int activity_slide_right_out -> activity_slide_right_out
    int activity_translate_in -> activity_translate_in
    int activity_translate_out -> activity_translate_out
    int anim_pop_from_left -> anim_pop_from_left
    int anim_pop_from_right -> anim_pop_from_right
    int anim_push_from_left -> anim_push_from_left
    int anim_push_from_right -> anim_push_from_right
    int ccp_faded_in -> ccp_faded_in
    int ccp_faded_out -> ccp_faded_out
    int ccp_push_up_in -> ccp_push_up_in
    int ccp_switch_down_out -> ccp_switch_down_out
    int fade_in -> fade_in
    int next_check -> next_check
    int popup_enter -> popup_enter
    int popup_exit -> popup_exit
    int push_bottom_in -> push_bottom_in
    int push_down_in -> push_down_in
    int push_down_out -> push_down_out
    int push_empty_out -> push_empty_out
    int push_up_in -> push_up_in
    int slide_in_from_bottom -> slide_in_from_bottom
    int slide_out_to_bottom -> slide_out_to_bottom
    int spinner -> spinner
    int switch_down_out -> switch_down_out
    int video_push_down_out -> video_push_down_out
    int video_push_up_in -> video_push_up_in
    int voice_play_from -> voice_play_from
    int voice_play_to -> voice_play_to
com.ytdinfo.keephealth.R$array -> com.ytdinfo.keephealth.R$array:
    int babaiban_name -> babaiban_name
    int babaiban_room -> babaiban_room
    int babaiban_roomnub -> babaiban_roomnub
    int chat_menu -> chat_menu
    int chat_select_item -> chat_select_item
    int chatroom_pull -> chatroom_pull
    int chatvideo_select_item -> chatvideo_select_item
    int config_newImMessageVibePattern -> config_newImMessageVibePattern
    int emoji_code -> emoji_code
    int emoji_code_file -> emoji_code_file
    int group_info -> group_info
    int group_join_model -> group_join_model
    int jingan_name -> jingan_name
    int jingan_room -> jingan_room
    int jingan_roomnub -> jingan_roomnub
    int jingan_roomnum -> jingan_roomnum
    int member_memu_forbidden -> member_memu_forbidden
    int member_memu_forbidden_cancle -> member_memu_forbidden_cancle
    int setting_automanage -> setting_automanage
    int setting_echocancelled -> setting_echocancelled
    int setting_silencerestrain -> setting_silencerestrain
    int xuhui_name -> xuhui_name
    int xuhui_room -> xuhui_room
    int xuhui_roomnub -> xuhui_roomnub
...
cn.jpush.android.service.h -> cn.jpush.android.service.h:
    android.content.Context a -> a
    cn.jpush.android.service.g b -> b
    void run() -> run
cn.jpush.android.service.i -> cn.jpush.android.service.i:
    long a -> a
    cn.jpush.android.service.g b -> b
    void run() -> run
cn.jpush.android.service.j -> cn.jpush.android.service.j:
    cn.jpush.android.data.d a -> a
    cn.jpush.android.service.PushService b -> b
    void run() -> run
cn.jpush.android.service.k -> cn.jpush.android.service.k:
    long a -> a
    cn.jpush.android.service.PushService b -> b
    java.lang.String[] z -> z
    void run() -> run
cn.jpush.android.service.l -> cn.jpush.android.service.l:
    cn.jpush.android.service.PushService a -> a
    void run() -> run
cn.jpush.android.service.m -> cn.jpush.android.service.m:
    cn.jpush.android.service.PushService e -> e
    java.lang.String[] A -> A
    boolean a(org.json.JSONArray,org.json.JSONArray,java.lang.String) -> a
    void d() -> d
cn.jpush.android.service.n -> cn.jpush.android.service.n:
    cn.jpush.android.service.PushService a -> a
    java.lang.String[] z -> z
    void handleMessage(android.os.Message) -> handleMessage
cn.jpush.android.service.o -> cn.jpush.android.service.o:
    boolean c -> c
    boolean a -> a
    cn.jpush.android.service.PushService b -> b
    java.lang.String[] z -> z
    void run() -> run
    int a() -> a
cn.jpush.android.service.p -> cn.jpush.android.service.p:
    java.lang.String a -> a
    int b -> b
    cn.jpush.android.service.PushService c -> c
    java.lang.Void a() -> a
    java.lang.Object doInBackground(java.lang.Object[]) -> doInBackground
cn.jpush.android.service.q -> cn.jpush.android.service.q:
    java.lang.String a -> a
    byte[] b -> b
    java.lang.String[] z -> z
    void run() -> run
cn.jpush.android.service.r -> cn.jpush.android.service.r:
    java.util.HashMap a -> a
    java.util.HashMap b -> b
    long c -> c
    java.lang.String[] z -> z
    java.lang.String a(int) -> a
    java.lang.String b(int) -> b
    org.json.JSONObject a(java.lang.String) -> a
    org.json.JSONObject b(java.lang.String) -> b
cn.jpush.android.service.s -> cn.jpush.android.service.s:
    java.lang.String[] z -> z
    java.lang.String a(android.content.Context,java.lang.String,java.lang.String) -> a
cn.jpush.android.service.t -> cn.jpush.android.service.t:
    cn.jpush.android.service.t a -> a
    android.os.PowerManager$WakeLock b -> b
    cn.jpush.android.service.t a() -> a
    android.os.PowerManager$WakeLock b() -> b
    void a(android.os.PowerManager$WakeLock) -> a
cn.jpush.android.ui.JPushRemoteViews -> cn.jpush.android.ui.JPushRemoteViews:
    android.view.View apply(android.content.Context,android.view.ViewGroup) -> apply
    void reapply(android.content.Context,android.view.View) -> reapply
cn.jpush.android.ui.ListViewActivity -> cn.jpush.android.ui.ListViewActivity:
    cn.jpush.android.data.d a -> a
    java.lang.String z -> z
    void onCreate(android.os.Bundle) -> onCreate