KeepHealth_1.0/proguard/usage.txt
com.ytdinfo.keephealth.BuildConfig
com.ytdinfo.keephealth.Manifest
com.ytdinfo.keephealth.Manifest$permission
com.ytdinfo.keephealth.R:
    10:10:public R()
com.ytdinfo.keephealth.app.Constants:
    public static final java.lang.String ISFIRSTCOME
    public static final java.lang.String ALERT
    public static final java.lang.String VIEWPAGER_IMAGEPATH
    public static final java.lang.String VIEWPAGER
    public static final java.lang.String DATE
    public static final java.lang.String ISLOADED
    public static final java.lang.String TOKEN
    public static final java.lang.String CHECKEDID_RADIOBT
    public static final java.lang.String CHECKISUPDATE
    public static final java.lang.String NOTUPDATE
    public static final java.lang.String UserAccount
    public static final java.lang.String Password
    public static final java.lang.String UserName
    public static final java.lang.String UserSex
    public static final java.lang.String UserIdcard
    public static final java.lang.String USERID
    public static final java.lang.String USERMODEL
    public static final java.lang.String SUBJECTID
    public static final java.lang.String CHATINFO
    public static final int PROGRESSMAX
    public static final java.lang.String CLOSESUBJECT
    public static final java.lang.String ONLINE_QUES_USERMODEL
    public static final java.lang.String ONLINE_QUES_USERMODEL_ME
    public static final java.lang.String ROOT_URl
    public static final java.lang.String SERVICE_URl
    public static final java.lang.String LOGIN_URl
    public static final java.lang.String VERIFICATION_URl
com.ytdinfo.keephealth.app.HttpClient:
    179:180:public static com.lidroid.xutils.http.HttpHandler download(android.content.Context,java.lang.String,java.lang.String,com.lidroid.xutils.http.callback.RequestCallBack)
com.ytdinfo.keephealth.app.MyApp:
    com.yuntongxun.kitsdk.beans.ChatInfoBean chatInfoBean
    98:107:public int getVersionCode()
    116:128:public java.lang.String getAppVersionName(android.content.Context)
    163:165:public void showToast(java.lang.String)
    168:170:public void showToast(int)
    173:180:public java.lang.String getDevicNO()
    184:189:public java.lang.String getDeviceId()
    195:203:public java.lang.String getMacAddress()
    212:212:public java.lang.String getDevice()
    221:221:public java.lang.String getVendor()
    228:228:public int getSDKVersion()
    235:235:public java.lang.String getOSVersion()
    244:253:public java.lang.String getVersion()
    261:266:public void setAudioMode(int)
    274:281:public void startCalling(java.lang.String)
    284:285:public void quitApp()
com.ytdinfo.keephealth.jpush.ExampleUtil:
    public static final java.lang.String PREFS_NAME
    public static final java.lang.String PREFS_DAYS
    public static final java.lang.String PREFS_START_TIME
    public static final java.lang.String PREFS_END_TIME
    public static final java.lang.String KEY_APP_KEY
    19:19:public ExampleUtil()
    38:40:public static boolean isValidTagAndAlias(java.lang.String)
    45:61:public static java.lang.String getAppKey(android.content.Context)
    67:71:public static java.lang.String GetVersion(android.content.Context)
    77:86:public static void showToast(java.lang.String,android.content.Context)
    89:91:public static boolean isConnected(android.content.Context)
    96:101:public static java.lang.String getImei(android.content.Context,java.lang.String)
com.ytdinfo.keephealth.jpush.ExampleUtil$1
com.ytdinfo.keephealth.jpush.MyReceiver:
    private static final java.lang.String TAG
    154:172:private void processCustomMessage(android.content.Context,android.os.Bundle)
...
com.yuntongxun.kitsdk.ui.group.model.GroupMemberService$3
com.yuntongxun.kitsdk.ui.group.model.GroupMemberService$4
com.yuntongxun.kitsdk.ui.group.model.GroupMemberService$5
com.yuntongxun.kitsdk.ui.group.model.GroupMemberService$6
com.yuntongxun.kitsdk.ui.group.model.GroupMemberService$OnSynsGroupMemberListener
com.yuntongxun.kitsdk.ui.group.model.GroupService:
    private static final java.lang.String TAG
    public static final java.lang.String ACTION_SYNC_GROUP
    public static final java.lang.String PRICATE_CHATROOM
    170:194:public static void syncGroupInfo(java.lang.String)
    201:221:public static void disGroup(java.lang.String)
    228:248:public static void quitGroup(java.lang.String)
    255:271:public static void modifyGroup(com.yuntongxun.ecsdk.im.ECGroup)
    284:313:public static void applyGroup(java.lang.String,java.lang.String,com.yuntongxun.kitsdk.ui.group.model.GroupService$OnApplyGroupCallbackListener)
    324:356:public static void doCreateGroup(java.lang.String[],com.yuntongxun.ecsdk.ECGroupManager$OnInviteJoinGroupListener)
    360:396:public static void operationGroupApplyOrInvite(boolean,java.lang.String,java.lang.String,com.yuntongxun.ecsdk.im.ECAckType,com.yuntongxun.kitsdk.ui.group.model.GroupService$OnAckGroupServiceListener)
    399:415:public static void setGroupMessageOption(com.yuntongxun.ecsdk.im.ECGroupOption)
    418:437:public static void setGroupMessageOption(com.yuntongxun.ecsdk.im.ECGroupOption,com.yuntongxun.kitsdk.ui.group.model.GroupService$GroupOptionCallback)
    453:454:private static void getGroupManager()
    460:461:public static void addListener(com.yuntongxun.kitsdk.ui.group.model.GroupService$Callback)
com.yuntongxun.kitsdk.ui.group.model.GroupService$10
com.yuntongxun.kitsdk.ui.group.model.GroupService$11
com.yuntongxun.kitsdk.ui.group.model.GroupService$12
com.yuntongxun.kitsdk.ui.group.model.GroupService$3
com.yuntongxun.kitsdk.ui.group.model.GroupService$4
com.yuntongxun.kitsdk.ui.group.model.GroupService$5
com.yuntongxun.kitsdk.ui.group.model.GroupService$6
com.yuntongxun.kitsdk.ui.group.model.GroupService$7
com.yuntongxun.kitsdk.ui.group.model.GroupService$8
com.yuntongxun.kitsdk.ui.group.model.GroupService$9
com.yuntongxun.kitsdk.ui.group.model.GroupService$Callback:
    public abstract void onSyncGroupInfo(java.lang.String)
    public abstract void onGroupDel(java.lang.String)
com.yuntongxun.kitsdk.ui.group.model.GroupService$GroupOptionCallback
com.yuntongxun.kitsdk.ui.group.model.GroupService$OnAckGroupServiceListener
com.yuntongxun.kitsdk.ui.group.model.GroupService$OnApplyGroupCallbackListener
com.yuntongxun.kitsdk.ui.group.model.Phone
com.yuntongxun.kitsdk.ui.photoview.Compat:
    private static final int SIXTY_FPS_INTERVAL
    25:25:public Compat()
com.yuntongxun.kitsdk.ui.photoview.CupcakeGestureDetector:
    private static final java.lang.String LOG_TAG
com.yuntongxun.kitsdk.ui.photoview.EclairGestureDetector:
    private static final int INVALID_POINTER_ID